<?xml version="1.0" encoding="utf-8"?><testsuites name="pytest tests"><testsuite name="pytest" errors="0" failures="0" skipped="0" tests="10" time="27.243" timestamp="2026-02-20T18:47:31.878535+00:00" hostname="agent-env-e2f2c3ba-deb3-48bf-af19-03212a68694b"><testcase classname="backend.tests.test_chatbot_api.TestChatbotAPI" name="test_api_root" time="1.806" /><testcase classname="backend.tests.test_chatbot_api.TestChatbotAPI" name="test_chat_endpoint_sends_message" time="4.393" /><testcase classname="backend.tests.test_chatbot_api.TestChatbotAPI" name="test_chat_endpoint_invalid_payload" time="2.133" /><testcase classname="backend.tests.test_chatbot_api.TestChatbotAPI" name="test_chat_history_get" time="3.381" /><testcase classname="backend.tests.test_chatbot_api.TestChatbotAPI" name="test_chat_history_empty_session" time="1.383" /><testcase classname="backend.tests.test_chatbot_api.TestChatbotAPI" name="test_chat_history_delete" time="3.755" /><testcase classname="backend.tests.test_chatbot_api.TestChatbotAPI" name="test_chat_conversation_context" time="8.097" /><testcase classname="backend.tests.test_chatbot_api.TestNewsletterAPI" name="test_newsletter_subscribe_new_email" time="0.710" /><testcase classname="backend.tests.test_chatbot_api.TestNewsletterAPI" name="test_newsletter_subscribe_invalid_email" time="0.688" /><testcase classname="backend.tests.test_chatbot_api.TestNewsletterAPI" name="test_newsletter_count" time="0.689" /></testsuite></testsuites>